# JRE version: OpenJDK Runtime Environment (17.0.6) (build 17.0.6+0-b2043.56-10027231)
# Java VM: OpenJDK 64-Bit Server VM (17.0.6+0-b2043.56-10027231, mixed mode, tiered, compressed oops, compressed class ptrs, g1 gc, windows-amd64)
GC Precious Log:
 CPUs: 8 total, 8 available
 Memory: 8100M
 Large Page Support: Disabled
 NUMA Support: Disabled
 Compressed Oops: Enabled (32-bit)
 Heap Region Size: 1M
 Heap Min Capacity: 8M
 Heap Initial Capacity: 128M
 Heap Max Capacity: 2G
 Pre-touch: Disabled
 Parallel Workers: 8
 Concurrent Workers: 2
 Concurrent Refinement Workers: 8
 Periodic GC: Disabled
Heap:
 garbage-first heap   total 355328K, used 216064K [0x0000000080000000, 0x0000000100000000)
  region size 1024K, 16 young (16384K), 11 survivors (11264K)
 Metaspace       used 122742K, committed 123712K, reserved 1163264K
  class space    used 16143K, committed 16640K, reserved 1048576K
GC Heap History (20 events):
Event: 15.128 GC heap before
{Heap before GC invocations=51 (full 0):
 garbage-first heap   total 219136K, used 177044K [0x0000000080000000, 0x0000000100000000)
  region size 1024K, 34 young (34816K), 5 survivors (5120K)
 Metaspace       used 95738K, committed 96512K, reserved 1138688K
  class space    used 12902K, committed 13248K, reserved 1048576K
}
Event: 15.140 GC heap after
{Heap after GC invocations=52 (full 0):
 garbage-first heap   total 349184K, used 155126K [0x0000000080000000, 0x0000000100000000)
  region size 1024K, 5 young (5120K), 5 survivors (5120K)
 Metaspace       used 95738K, committed 96512K, reserved 1138688K
  class space    used 12902K, committed 13248K, reserved 1048576K
}
Event: 16.492 GC heap before
{Heap before GC invocations=52 (full 0):
 garbage-first heap   total 349184K, used 240118K [0x0000000080000000, 0x0000000100000000)
  region size 1024K, 88 young (90112K), 5 survivors (5120K)
 Metaspace       used 95782K, committed 96512K, reserved 1138688K
  class space    used 12905K, committed 13248K, reserved 1048576K
}
Event: 16.499 GC heap after
{Heap after GC invocations=53 (full 0):
 garbage-first heap   total 349184K, used 158657K [0x0000000080000000, 0x0000000100000000)
  region size 1024K, 9 young (9216K), 9 survivors (9216K)
 Metaspace       used 95782K, committed 96512K, reserved 1138688K
  class space    used 12905K, committed 13248K, reserved 1048576K
}
Event: 20.456 GC heap before
{Heap before GC invocations=53 (full 0):
 garbage-first heap   total 349184K, used 276417K [0x0000000080000000, 0x0000000100000000)
  region size 1024K, 124 young (126976K), 9 survivors (9216K)
 Metaspace       used 95787K, committed 96512K, reserved 1138688K
  class space    used 12905K, committed 13248K, reserved 1048576K
}
Event: 20.463 GC heap after
{Heap after GC invocations=54 (full 0):
 garbage-first heap   total 349184K, used 163013K [0x0000000080000000, 0x0000000100000000)
  region size 1024K, 9 young (9216K), 9 survivors (9216K)
 Metaspace       used 95787K, committed 96512K, reserved 1138688K
  class space    used 12905K, committed 13248K, reserved 1048576K
}
Event: 21.809 GC heap before
{Heap before GC invocations=54 (full 0):
 garbage-first heap   total 349184K, used 279749K [0x0000000080000000, 0x0000000100000000)
  region size 1024K, 123 young (125952K), 9 survivors (9216K)
 Metaspace       used 95787K, committed 96512K, reserved 1138688K
  class space    used 12905K, committed 13248K, reserved 1048576K
}
Event: 21.824 GC heap after
{Heap after GC invocations=55 (full 0):
 garbage-first heap   total 349184K, used 167071K [0x0000000080000000, 0x0000000100000000)
  region size 1024K, 10 young (10240K), 10 survivors (10240K)
 Metaspace       used 95787K, committed 96512K, reserved 1138688K
  class space    used 12905K, committed 13248K, reserved 1048576K
}
Event: 23.558 GC heap before
{Heap before GC invocations=56 (full 0):
 garbage-first heap   total 349184K, used 300191K [0x0000000080000000, 0x0000000100000000)
  region size 1024K, 124 young (126976K), 10 survivors (10240K)
 Metaspace       used 100687K, committed 101504K, reserved 1138688K
  class space    used 13527K, committed 13952K, reserved 1048576K
}
Event: 23.571 GC heap after
{Heap after GC invocations=57 (full 0):
 garbage-first heap   total 349184K, used 177219K [0x0000000080000000, 0x0000000100000000)
  region size 1024K, 16 young (16384K), 16 survivors (16384K)
 Metaspace       used 100687K, committed 101504K, reserved 1138688K
  class space    used 13527K, committed 13952K, reserved 1048576K
}
Event: 23.590 GC heap before
{Heap before GC invocations=57 (full 0):
 garbage-first heap   total 349184K, used 178243K [0x0000000080000000, 0x0000000100000000)
  region size 1024K, 17 young (17408K), 16 survivors (16384K)
 Metaspace       used 100781K, committed 101632K, reserved 1138688K
  class space    used 13539K, committed 13952K, reserved 1048576K
}
Event: 23.601 GC heap after
{Heap after GC invocations=58 (full 0):
 garbage-first heap   total 349184K, used 177769K [0x0000000080000000, 0x0000000100000000)
  region size 1024K, 2 young (2048K), 2 survivors (2048K)
 Metaspace       used 100781K, committed 101632K, reserved 1138688K
  class space    used 13539K, committed 13952K, reserved 1048576K
}
Event: 24.956 GC heap before
{Heap before GC invocations=58 (full 0):
 garbage-first heap   total 349184K, used 281193K [0x0000000080000000, 0x0000000100000000)
  region size 1024K, 104 young (106496K), 2 survivors (2048K)
 Metaspace       used 107624K, committed 108416K, reserved 1146880K
  class space    used 14338K, committed 14720K, reserved 1048576K
}
Event: 24.965 GC heap after
{Heap after GC invocations=59 (full 0):
 garbage-first heap   total 349184K, used 185387K [0x0000000080000000, 0x0000000100000000)
  region size 1024K, 10 young (10240K), 10 survivors (10240K)
 Metaspace       used 107624K, committed 108416K, reserved 1146880K
  class space    used 14338K, committed 14720K, reserved 1048576K
}
Event: 26.689 GC heap before
{Heap before GC invocations=59 (full 0):
 garbage-first heap   total 349184K, used 282667K [0x0000000080000000, 0x0000000100000000)
  region size 1024K, 106 young (108544K), 10 survivors (10240K)
 Metaspace       used 113911K, committed 114816K, reserved 1155072K
  class space    used 15109K, committed 15552K, reserved 1048576K
}
Event: 26.714 GC heap after
{Heap after GC invocations=60 (full 0):
 garbage-first heap   total 349184K, used 193510K [0x0000000080000000, 0x0000000100000000)
  region size 1024K, 9 young (9216K), 9 survivors (9216K)
 Metaspace       used 113911K, committed 114816K, reserved 1155072K
  class space    used 15109K, committed 15552K, reserved 1048576K
}
Event: 139.101 GC heap before
{Heap before GC invocations=60 (full 0):
 garbage-first heap   total 349184K, used 284646K [0x0000000080000000, 0x0000000100000000)
  region size 1024K, 99 young (101376K), 9 survivors (9216K)
 Metaspace       used 118712K, committed 119616K, reserved 1155072K
  class space    used 15567K, committed 16000K, reserved 1048576K
}
Event: 139.179 GC heap after
{Heap after GC invocations=61 (full 0):
 garbage-first heap   total 349184K, used 200987K [0x0000000080000000, 0x0000000100000000)
  region size 1024K, 8 young (8192K), 8 survivors (8192K)
 Metaspace       used 118712K, committed 119616K, reserved 1155072K
  class space    used 15567K, committed 16000K, reserved 1048576K
}
Event: 142.070 GC heap before
{Heap before GC invocations=62 (full 0):
 garbage-first heap   total 355328K, used 287003K [0x0000000080000000, 0x0000000100000000)
  region size 1024K, 93 young (95232K), 8 survivors (8192K)
 Metaspace       used 121831K, committed 122880K, reserved 1163264K
  class space    used 16019K, committed 16512K, reserved 1048576K
}
Event: 142.090 GC heap after
{Heap after GC invocations=63 (full 0):
 garbage-first heap   total 355328K, used 211968K [0x0000000080000000, 0x0000000100000000)
  region size 1024K, 11 young (11264K), 11 survivors (11264K)
 Metaspace       used 121831K, committed 122880K, reserved 1163264K
  class space    used 16019K, committed 16512K, reserved 1048576K
}

